<?xml version="1.0" encoding="UTF-8"?>
<!-- Generated by org.testng.reporters.JUnitXMLReporter -->
<testsuite hostname="bharath_pc" ignored="0" name="Default test" tests="6" failures="0" timestamp="2020-04-24T12:47:14 IST" time="55.219" errors="0">
  <testcase name="validateTitle" time="0.025" classname="com.orangehrm.tests.LoginPageTest"/>
  <testcase name="validateLogo" time="0.1" classname="com.orangehrm.tests.LoginPageTest"/>
  <testcase name="validateLogin" time="0.983" classname="com.orangehrm.tests.LoginPageTest"/>
  <testcase name="validateLogin" time="1.257" classname="com.orangehrm.tests.LoginPageTest"/>
  <testcase name="validateLogin" time="3.272" classname="com.orangehrm.tests.LoginPageTest"/>
  <testcase name="validateLogin" time="1.483" classname="com.orangehrm.tests.LoginPageTest"/>
</testsuite> <!-- Default test -->
