<?xml version="1.0" encoding="UTF-8"?>
<testng-results skipped="0" failed="0" ignored="0" total="6" passed="6">
  <reporter-output>
  </reporter-output>
  <suite name="Default suite" duration-ms="55219" started-at="2020-04-24T12:46:18 IST" finished-at="2020-04-24T12:47:14 IST">
    <groups>
    </groups>
    <test name="Default test" duration-ms="55219" started-at="2020-04-24T12:46:18 IST" finished-at="2020-04-24T12:47:14 IST">
      <class name="com.orangehrm.tests.LoginPageTest">
        <test-method status="PASS" signature="setUp()[pri:0, instance:com.orangehrm.tests.LoginPageTest@71bbf57e]" name="setUp" is-config="true" duration-ms="9311" started-at="2020-04-24T12:46:19 IST" finished-at="2020-04-24T12:46:28 IST">
          <reporter-output>
          </reporter-output>
        </test-method> <!-- setUp -->
        <test-method status="PASS" signature="validateTitle()[pri:1, instance:com.orangehrm.tests.LoginPageTest@71bbf57e]" name="validateTitle" duration-ms="25" started-at="2020-04-24T12:46:28 IST" finished-at="2020-04-24T12:46:28 IST">
          <reporter-output>
          </reporter-output>
        </test-method> <!-- validateTitle -->
        <test-method status="PASS" signature="tearDown()[pri:0, instance:com.orangehrm.tests.LoginPageTest@71bbf57e]" name="tearDown" is-config="true" duration-ms="827" started-at="2020-04-24T12:46:28 IST" finished-at="2020-04-24T12:46:29 IST">
          <reporter-output>
          </reporter-output>
        </test-method> <!-- tearDown -->
        <test-method status="PASS" signature="setUp()[pri:0, instance:com.orangehrm.tests.LoginPageTest@71bbf57e]" name="setUp" is-config="true" duration-ms="6501" started-at="2020-04-24T12:46:29 IST" finished-at="2020-04-24T12:46:35 IST">
          <reporter-output>
          </reporter-output>
        </test-method> <!-- setUp -->
        <test-method status="PASS" signature="validateLogo()[pri:2, instance:com.orangehrm.tests.LoginPageTest@71bbf57e]" name="validateLogo" duration-ms="100" started-at="2020-04-24T12:46:35 IST" finished-at="2020-04-24T12:46:35 IST">
          <reporter-output>
          </reporter-output>
        </test-method> <!-- validateLogo -->
        <test-method status="PASS" signature="tearDown()[pri:0, instance:com.orangehrm.tests.LoginPageTest@71bbf57e]" name="tearDown" is-config="true" duration-ms="728" started-at="2020-04-24T12:46:35 IST" finished-at="2020-04-24T12:46:36 IST">
          <reporter-output>
          </reporter-output>
        </test-method> <!-- tearDown -->
        <test-method status="PASS" signature="setUp()[pri:0, instance:com.orangehrm.tests.LoginPageTest@71bbf57e]" name="setUp" is-config="true" duration-ms="6385" started-at="2020-04-24T12:46:37 IST" finished-at="2020-04-24T12:46:44 IST">
          <reporter-output>
          </reporter-output>
        </test-method> <!-- setUp -->
        <test-method status="PASS" signature="validateLogin(java.lang.String, java.lang.String)[pri:3, instance:com.orangehrm.tests.LoginPageTest@71bbf57e]" name="validateLogin" duration-ms="983" started-at="2020-04-24T12:46:44 IST" data-provider="getLoginData" finished-at="2020-04-24T12:46:45 IST">
          <params>
            <param index="0">
              <value>
                <![CDATA[bharath]]>
              </value>
            </param>
            <param index="1">
              <value>
                <![CDATA[bharath]]>
              </value>
            </param>
          </params>
          <reporter-output>
          </reporter-output>
        </test-method> <!-- validateLogin -->
        <test-method status="PASS" signature="tearDown()[pri:0, instance:com.orangehrm.tests.LoginPageTest@71bbf57e]" name="tearDown" is-config="true" duration-ms="834" started-at="2020-04-24T12:46:45 IST" finished-at="2020-04-24T12:46:46 IST">
          <reporter-output>
          </reporter-output>
        </test-method> <!-- tearDown -->
        <test-method status="PASS" signature="setUp()[pri:0, instance:com.orangehrm.tests.LoginPageTest@71bbf57e]" name="setUp" is-config="true" duration-ms="6554" started-at="2020-04-24T12:46:46 IST" finished-at="2020-04-24T12:46:52 IST">
          <reporter-output>
          </reporter-output>
        </test-method> <!-- setUp -->
        <test-method status="PASS" signature="validateLogin(java.lang.String, java.lang.String)[pri:3, instance:com.orangehrm.tests.LoginPageTest@71bbf57e]" name="validateLogin" duration-ms="1257" started-at="2020-04-24T12:46:52 IST" data-provider="getLoginData" finished-at="2020-04-24T12:46:53 IST">
          <params>
            <param index="0">
              <value>
                <![CDATA[Admin]]>
              </value>
            </param>
            <param index="1">
              <value>
                <![CDATA[admiin123]]>
              </value>
            </param>
          </params>
          <reporter-output>
          </reporter-output>
        </test-method> <!-- validateLogin -->
        <test-method status="PASS" signature="tearDown()[pri:0, instance:com.orangehrm.tests.LoginPageTest@71bbf57e]" name="tearDown" is-config="true" duration-ms="789" started-at="2020-04-24T12:46:53 IST" finished-at="2020-04-24T12:46:54 IST">
          <reporter-output>
          </reporter-output>
        </test-method> <!-- tearDown -->
        <test-method status="PASS" signature="setUp()[pri:0, instance:com.orangehrm.tests.LoginPageTest@71bbf57e]" name="setUp" is-config="true" duration-ms="6399" started-at="2020-04-24T12:46:54 IST" finished-at="2020-04-24T12:47:01 IST">
          <reporter-output>
          </reporter-output>
        </test-method> <!-- setUp -->
        <test-method status="PASS" signature="validateLogin(java.lang.String, java.lang.String)[pri:3, instance:com.orangehrm.tests.LoginPageTest@71bbf57e]" name="validateLogin" duration-ms="3272" started-at="2020-04-24T12:47:01 IST" data-provider="getLoginData" finished-at="2020-04-24T12:47:04 IST">
          <params>
            <param index="0">
              <value>
                <![CDATA[admin]]>
              </value>
            </param>
            <param index="1">
              <value>
                <![CDATA[admin123]]>
              </value>
            </param>
          </params>
          <reporter-output>
          </reporter-output>
        </test-method> <!-- validateLogin -->
        <test-method status="PASS" signature="tearDown()[pri:0, instance:com.orangehrm.tests.LoginPageTest@71bbf57e]" name="tearDown" is-config="true" duration-ms="1060" started-at="2020-04-24T12:47:04 IST" finished-at="2020-04-24T12:47:05 IST">
          <reporter-output>
          </reporter-output>
        </test-method> <!-- tearDown -->
        <test-method status="PASS" signature="setUp()[pri:0, instance:com.orangehrm.tests.LoginPageTest@71bbf57e]" name="setUp" is-config="true" duration-ms="6513" started-at="2020-04-24T12:47:05 IST" finished-at="2020-04-24T12:47:11 IST">
          <reporter-output>
          </reporter-output>
        </test-method> <!-- setUp -->
        <test-method status="PASS" signature="validateLogin(java.lang.String, java.lang.String)[pri:3, instance:com.orangehrm.tests.LoginPageTest@71bbf57e]" name="validateLogin" duration-ms="1483" started-at="2020-04-24T12:47:11 IST" data-provider="getLoginData" finished-at="2020-04-24T12:47:13 IST">
          <params>
            <param index="0">
              <value>
                <![CDATA[Admin]]>
              </value>
            </param>
            <param index="1">
              <value>
                <![CDATA[admin]]>
              </value>
            </param>
          </params>
          <reporter-output>
          </reporter-output>
        </test-method> <!-- validateLogin -->
        <test-method status="PASS" signature="tearDown()[pri:0, instance:com.orangehrm.tests.LoginPageTest@71bbf57e]" name="tearDown" is-config="true" duration-ms="771" started-at="2020-04-24T12:47:13 IST" finished-at="2020-04-24T12:47:14 IST">
          <reporter-output>
          </reporter-output>
        </test-method> <!-- tearDown -->
      </class> <!-- com.orangehrm.tests.LoginPageTest -->
    </test> <!-- Default test -->
  </suite> <!-- Default suite -->
</testng-results>
